<?xml version="1.0" encoding="UTF-8"?>
<!-- Generated by org.testng.reporters.JUnitReportReporter -->
<testsuite hostname="LN0C5772E6454B" name="Hybrid_Frame_TestNG.UserLogoutTest" tests="2" failures="0" timestamp="9 Jul 2018 04:01:51 GMT" time="1.010" errors="0">
  <testcase name="logout" time="0.513" classname="Hybrid_Frame_TestNG.UserLogoutTest"/>
  <testcase name="logout" time="0.497" classname="Hybrid_Frame_TestNG.UserLogoutTest"/>
</testsuite> <!-- Hybrid_Frame_TestNG.UserLogoutTest -->
