<?xml version="1.0" encoding="UTF-8"?>
<!-- Generated by org.testng.reporters.JUnitReportReporter -->
<testsuite hostname="LN0C5772E6454B" name="Hybrid_Frame_TestNG.SearchFlight" tests="2" failures="0" timestamp="9 Jul 2018 04:01:51 GMT" time="2.432" errors="0">
  <testcase name="searchFlight" time="1.263" classname="Hybrid_Frame_TestNG.SearchFlight"/>
  <testcase name="searchFlight" time="1.169" classname="Hybrid_Frame_TestNG.SearchFlight"/>
</testsuite> <!-- Hybrid_Frame_TestNG.SearchFlight -->
