<?xml version="1.0" encoding="UTF-8"?>
<!-- Generated by org.testng.reporters.JUnitReportReporter -->
<testsuite hostname="LN0C5772E6454B" name="Hybrid_Frame_TestNG.BookTicket" tests="1" failures="0" timestamp="9 Jul 2018 04:01:51 GMT" time="0.408" errors="0">
  <testcase name="BookTicket" time="0.408" classname="Hybrid_Frame_TestNG.BookTicket"/>
</testsuite> <!-- Hybrid_Frame_TestNG.BookTicket -->
