<?xml version="1.0" encoding="UTF-8"?>
<!-- Generated by org.testng.reporters.JUnitReportReporter -->
<testsuite hostname="LN0C5772E6454B" name="appModular.UserLoginTest" tests="2" failures="0" timestamp="10 Jul 2018 00:07:17 GMT" time="3.226" errors="0">
  <testcase name="login" time="1.589" classname="appModular.UserLoginTest"/>
  <testcase name="login" time="1.637" classname="appModular.UserLoginTest"/>
</testsuite> <!-- appModular.UserLoginTest -->
