<?xml version="1.0" encoding="UTF-8"?>
<!-- Generated by org.testng.reporters.JUnitReportReporter -->
<testsuite hostname="LN0C5772E6454B" name="appModular.UserLogoutTest" tests="2" failures="0" timestamp="10 Jul 2018 00:07:17 GMT" time="1.139" errors="0">
  <testcase name="logout" time="0.565" classname="appModular.UserLogoutTest"/>
  <testcase name="logout" time="0.574" classname="appModular.UserLogoutTest"/>
</testsuite> <!-- appModular.UserLogoutTest -->
