<?xml version="1.0" encoding="UTF-8"?>
<!-- Generated by org.testng.reporters.JUnitReportReporter -->
<testsuite hostname="LN0C5772E6454B" name="appModular.PassengerDetails" tests="1" failures="0" timestamp="10 Jul 2018 00:07:17 GMT" time="0.240" errors="0">
  <testcase name="enterDetails" time="0.240" classname="appModular.PassengerDetails"/>
</testsuite> <!-- appModular.PassengerDetails -->
