<?xml version="1.0" encoding="UTF-8"?>
<!-- Generated by org.testng.reporters.JUnitReportReporter -->
<testsuite hostname="LN0C5772E6454B" name="Hybrid_Frame_TestNG.PassengerDetails" tests="1" failures="0" timestamp="9 Jul 2018 04:01:51 GMT" time="0.245" errors="0">
  <testcase name="enterDetails" time="0.245" classname="Hybrid_Frame_TestNG.PassengerDetails"/>
</testsuite> <!-- Hybrid_Frame_TestNG.PassengerDetails -->
