<?xml version="1.0" encoding="UTF-8"?>
<!-- Generated by org.testng.reporters.JUnitReportReporter -->
<testsuite hostname="LN0C5772E6454B" name="Hybrid_Frame_TestNG.UserLoginTest" tests="2" failures="0" timestamp="9 Jul 2018 04:01:51 GMT" time="2.992" errors="0">
  <testcase name="login" time="1.495" classname="Hybrid_Frame_TestNG.UserLoginTest"/>
  <testcase name="login" time="1.497" classname="Hybrid_Frame_TestNG.UserLoginTest"/>
</testsuite> <!-- Hybrid_Frame_TestNG.UserLoginTest -->
