<?xml version="1.0" encoding="UTF-8"?>
<!-- Generated by org.testng.reporters.JUnitReportReporter -->
<testsuite hostname="LN0C5772E6454B" name="appModular.BookTicket" tests="1" failures="0" timestamp="10 Jul 2018 00:07:17 GMT" time="0.515" errors="0">
  <testcase name="BookTicket" time="0.515" classname="appModular.BookTicket"/>
</testsuite> <!-- appModular.BookTicket -->
