<?xml version="1.0" encoding="UTF-8"?>
<!-- Generated by org.testng.reporters.JUnitReportReporter -->
<testsuite hostname="LN0C5772E6454B" name="appModular.SearchFlight" tests="2" failures="0" timestamp="10 Jul 2018 00:07:17 GMT" time="2.706" errors="0">
  <testcase name="searchFlight" time="1.371" classname="appModular.SearchFlight"/>
  <testcase name="searchFlight" time="1.335" classname="appModular.SearchFlight"/>
</testsuite> <!-- appModular.SearchFlight -->
